{"C:\\Users\\August\\Desktop\\LuminaProject\\lumina\\src\\common\\guards\\clerk-auth.guard.ts": {"path":"C:\\Users\\August\\Desktop\\LuminaProject\\lumina\\src\\common\\guards\\clerk-auth.guard.ts","statementMap":{"0":{"start":{"line":1,"column":0},"end":{"line":1,"column":null}},"1":{"start":{"line":7,"column":0},"end":{"line":7,"column":41}},"2":{"start":{"line":8,"column":0},"end":{"line":8,"column":52}},"3":{"start":{"line":10,"column":0},"end":{"line":10,"column":63}},"4":{"start":{"line":14,"column":7},"end":{"line":50,"column":null}},"5":{"start":{"line":15,"column":31},"end":{"line":15,"column":42}},"6":{"start":{"line":18,"column":21},"end":{"line":21,"column":6}},"7":{"start":{"line":23,"column":4},"end":{"line":23,"column":30}},"8":{"start":{"line":23,"column":18},"end":{"line":23,"column":30}},"9":{"start":{"line":25,"column":20},"end":{"line":27,"column":55}},"10":{"start":{"line":29,"column":18},"end":{"line":29,"column":44}},"11":{"start":{"line":31,"column":4},"end":{"line":31,"column":50}},"12":{"start":{"line":31,"column":16},"end":{"line":31,"column":50}},"13":{"start":{"line":33,"column":4},"end":{"line":41,"column":5}},"14":{"start":{"line":34,"column":22},"end":{"line":37,"column":8}},"15":{"start":{"line":38,"column":6},"end":{"line":38,"column":46}},"16":{"start":{"line":40,"column":6},"end":{"line":40,"column":40}},"17":{"start":{"line":43,"column":4},"end":{"line":43,"column":16}},"18":{"start":{"line":47,"column":26},"end":{"line":47,"column":73}},"19":{"start":{"line":48,"column":4},"end":{"line":48,"column":49}},"20":{"start":{"line":14,"column":13},"end":{"line":14,"column":27}},"21":{"start":{"line":14,"column":13},"end":{"line":50,"column":null}}},"fnMap":{"0":{"name":"(anonymous_2)","decl":{"start":{"line":15,"column":2},"end":{"line":15,"column":31}},"loc":{"start":{"line":15,"column":51},"end":{"line":15,"column":55}}},"1":{"name":"(anonymous_3)","decl":{"start":{"line":17,"column":2},"end":{"line":17,"column":7}},"loc":{"start":{"line":17,"column":45},"end":{"line":44,"column":3}}},"2":{"name":"(anonymous_4)","decl":{"start":{"line":46,"column":10},"end":{"line":46,"column":22}},"loc":{"start":{"line":46,"column":39},"end":{"line":49,"column":3}}}},"branchMap":{"0":{"loc":{"start":{"line":23,"column":4},"end":{"line":23,"column":30}},"type":"if","locations":[{"start":{"line":23,"column":4},"end":{"line":23,"column":30}},{"start":{},"end":{}}]},"1":{"loc":{"start":{"line":31,"column":4},"end":{"line":31,"column":50}},"type":"if","locations":[{"start":{"line":31,"column":4},"end":{"line":31,"column":50}},{"start":{},"end":{}}]},"2":{"loc":{"start":{"line":47,"column":26},"end":{"line":47,"column":73}},"type":"binary-expr","locations":[{"start":{"line":47,"column":26},"end":{"line":47,"column":67}},{"start":{"line":47,"column":71},"end":{"line":47,"column":73}}]},"3":{"loc":{"start":{"line":48,"column":11},"end":{"line":48,"column":48}},"type":"cond-expr","locations":[{"start":{"line":48,"column":31},"end":{"line":48,"column":36}},{"start":{"line":48,"column":39},"end":{"line":48,"column":48}}]},"4":{"loc":{"start":{"line":15,"column":42},"end":{"line":15,"column":54}},"type":"cond-expr","locations":[{"start":{"line":15,"column":51},"end":{"line":15,"column":54}},{"start":{"line":15,"column":51},"end":{"line":15,"column":54}}]},"5":{"loc":{"start":{"line":15,"column":42},"end":{"line":15,"column":51}},"type":"binary-expr","locations":[{"start":{"line":15,"column":42},"end":{"line":15,"column":54}},{"start":{"line":15,"column":42},"end":{"line":15,"column":51}}]}},"s":{"0":1,"1":1,"2":1,"3":1,"4":1,"5":6,"6":6,"7":6,"8":1,"9":5,"10":5,"11":5,"12":2,"13":3,"14":3,"15":2,"16":1,"17":2,"18":5,"19":5,"20":1,"21":1},"f":{"0":6,"1":6,"2":5},"b":{"0":[1,5],"1":[2,3],"2":[5,1],"3":[3,2],"4":[1,0],"5":[1,1]}}
,"C:\\Users\\August\\Desktop\\LuminaProject\\lumina\\src\\common\\prisma\\prisma.service.ts": {"path":"C:\\Users\\August\\Desktop\\LuminaProject\\lumina\\src\\common\\prisma\\prisma.service.ts","statementMap":{"0":{"start":{"line":1,"column":0},"end":{"line":1,"column":75}},"1":{"start":{"line":2,"column":0},"end":{"line":2,"column":46}},"2":{"start":{"line":5,"column":7},"end":{"line":16,"column":null}},"3":{"start":{"line":10,"column":4},"end":{"line":10,"column":26}},"4":{"start":{"line":14,"column":4},"end":{"line":14,"column":29}},"5":{"start":{"line":5,"column":13},"end":{"line":5,"column":26}},"6":{"start":{"line":5,"column":13},"end":{"line":16,"column":null}}},"fnMap":{"0":{"name":"(anonymous_1)","decl":{"start":{"line":9,"column":2},"end":{"line":9,"column":7}},"loc":{"start":{"line":9,"column":20},"end":{"line":11,"column":3}}},"1":{"name":"(anonymous_2)","decl":{"start":{"line":13,"column":2},"end":{"line":13,"column":7}},"loc":{"start":{"line":13,"column":23},"end":{"line":15,"column":3}}}},"branchMap":{},"s":{"0":5,"1":5,"2":5,"3":1,"4":1,"5":5,"6":5},"f":{"0":1,"1":1},"b":{}}
,"C:\\Users\\August\\Desktop\\LuminaProject\\lumina\\src\\dashboard\\dashboard.service.ts": {"path":"C:\\Users\\August\\Desktop\\LuminaProject\\lumina\\src\\dashboard\\dashboard.service.ts","statementMap":{"0":{"start":{"line":1,"column":0},"end":{"line":1,"column":44}},"1":{"start":{"line":2,"column":0},"end":{"line":2,"column":59}},"2":{"start":{"line":3,"column":0},"end":{"line":3,"column":64}},"3":{"start":{"line":4,"column":0},"end":{"line":4,"column":54}},"4":{"start":{"line":27,"column":29},"end":{"line":153,"column":null}},"5":{"start":{"line":29,"column":21},"end":{"line":29,"column":29}},"6":{"start":{"line":30,"column":21},"end":{"line":30,"column":35}},"7":{"start":{"line":37,"column":19},"end":{"line":37,"column":65}},"8":{"start":{"line":38,"column":19},"end":{"line":38,"column":67}},"9":{"start":{"line":39,"column":27},"end":{"line":39,"column":66}},"10":{"start":{"line":41,"column":24},"end":{"line":44,"column":6}},"11":{"start":{"line":46,"column":20},"end":{"line":53,"column":6}},"12":{"start":{"line":55,"column":30},"end":{"line":61,"column":6}},"13":{"start":{"line":63,"column":44},"end":{"line":71,"column":37}},"14":{"start":{"line":64,"column":21},"end":{"line":70,"column":8}},"15":{"start":{"line":71,"column":23},"end":{"line":71,"column":36}},"16":{"start":{"line":73,"column":23},"end":{"line":75,"column":null}},"17":{"start":{"line":74,"column":40},"end":{"line":74,"column":53}},"18":{"start":{"line":78,"column":21},"end":{"line":78,"column":79}},"19":{"start":{"line":81,"column":6},"end":{"line":83,"column":76}},"20":{"start":{"line":83,"column":45},"end":{"line":83,"column":74}},"21":{"start":{"line":86,"column":6},"end":{"line":88,"column":11}},"22":{"start":{"line":90,"column":6},"end":{"line":95,"column":14}},"23":{"start":{"line":97,"column":4},"end":{"line":103,"column":6}},"24":{"start":{"line":110,"column":4},"end":{"line":110,"column":57}},"25":{"start":{"line":110,"column":47},"end":{"line":110,"column":57}},"26":{"start":{"line":112,"column":37},"end":{"line":116,"column":7}},"27":{"start":{"line":112,"column":54},"end":{"line":116,"column":6}},"28":{"start":{"line":118,"column":16},"end":{"line":118,"column":65}},"29":{"start":{"line":118,"column":43},"end":{"line":118,"column":61}},"30":{"start":{"line":119,"column":17},"end":{"line":119,"column":53}},"31":{"start":{"line":120,"column":4},"end":{"line":129,"column":5}},"32":{"start":{"line":121,"column":25},"end":{"line":123,"column":null}},"33":{"start":{"line":122,"column":27},"end":{"line":122,"column":71}},"34":{"start":{"line":125,"column":6},"end":{"line":128,"column":8}},"35":{"start":{"line":131,"column":4},"end":{"line":131,"column":19}},"36":{"start":{"line":135,"column":14},"end":{"line":135,"column":28}},"37":{"start":{"line":136,"column":4},"end":{"line":136,"column":33}},"38":{"start":{"line":140,"column":16},"end":{"line":140,"column":26}},"39":{"start":{"line":141,"column":18},"end":{"line":141,"column":64}},"40":{"start":{"line":142,"column":4},"end":{"line":142,"column":46}},"41":{"start":{"line":146,"column":32},"end":{"line":146,"column":49}},"42":{"start":{"line":147,"column":17},"end":{"line":147,"column":32}},"43":{"start":{"line":148,"column":18},"end":{"line":148,"column":34}},"44":{"start":{"line":149,"column":22},"end":{"line":149,"column":50}},"45":{"start":{"line":150,"column":21},"end":{"line":150,"column":50}},"46":{"start":{"line":151,"column":4},"end":{"line":151,"column":63}},"47":{"start":{"line":27,"column":13},"end":{"line":27,"column":29}},"48":{"start":{"line":27,"column":13},"end":{"line":153,"column":null}}},"fnMap":{"0":{"name":"(anonymous_2)","decl":{"start":{"line":28,"column":2},"end":{"line":28,"column":null}},"loc":{"start":{"line":30,"column":47},"end":{"line":31,"column":6}}},"1":{"name":"(anonymous_3)","decl":{"start":{"line":33,"column":2},"end":{"line":33,"column":7}},"loc":{"start":{"line":35,"column":35},"end":{"line":104,"column":3}}},"2":{"name":"(anonymous_4)","decl":{"start":{"line":64,"column":11},"end":{"line":64,"column":12}},"loc":{"start":{"line":64,"column":21},"end":{"line":70,"column":8}}},"3":{"name":"(anonymous_5)","decl":{"start":{"line":71,"column":14},"end":{"line":71,"column":15}},"loc":{"start":{"line":71,"column":23},"end":{"line":71,"column":36}}},"4":{"name":"(anonymous_6)","decl":{"start":{"line":74,"column":28},"end":{"line":74,"column":29}},"loc":{"start":{"line":74,"column":40},"end":{"line":74,"column":53}}},"5":{"name":"(anonymous_7)","decl":{"start":{"line":83,"column":32},"end":{"line":83,"column":33}},"loc":{"start":{"line":83,"column":45},"end":{"line":83,"column":74}}},"6":{"name":"(anonymous_8)","decl":{"start":{"line":106,"column":10},"end":{"line":106,"column":16}},"loc":{"start":{"line":108,"column":22},"end":{"line":132,"column":3}}},"7":{"name":"(anonymous_9)","decl":{"start":{"line":112,"column":46},"end":{"line":112,"column":47}},"loc":{"start":{"line":112,"column":54},"end":{"line":116,"column":6}}},"8":{"name":"(anonymous_10)","decl":{"start":{"line":118,"column":31},"end":{"line":118,"column":32}},"loc":{"start":{"line":118,"column":43},"end":{"line":118,"column":61}}},"9":{"name":"(anonymous_11)","decl":{"start":{"line":122,"column":8},"end":{"line":122,"column":9}},"loc":{"start":{"line":122,"column":27},"end":{"line":122,"column":71}}},"10":{"name":"(anonymous_12)","decl":{"start":{"line":134,"column":10},"end":{"line":134,"column":16}},"loc":{"start":{"line":134,"column":50},"end":{"line":137,"column":3}}},"11":{"name":"(anonymous_13)","decl":{"start":{"line":139,"column":10},"end":{"line":139,"column":16}},"loc":{"start":{"line":139,"column":30},"end":{"line":143,"column":3}}},"12":{"name":"(anonymous_14)","decl":{"start":{"line":145,"column":10},"end":{"line":145,"column":16}},"loc":{"start":{"line":145,"column":46},"end":{"line":152,"column":3}}}},"branchMap":{"0":{"loc":{"start":{"line":38,"column":19},"end":{"line":38,"column":67}},"type":"binary-expr","locations":[{"start":{"line":38,"column":19},"end":{"line":38,"column":31}},{"start":{"line":38,"column":35},"end":{"line":38,"column":67}}]},"1":{"loc":{"start":{"line":43,"column":10},"end":{"line":43,"column":51}},"type":"cond-expr","locations":[{"start":{"line":43,"column":24},"end":{"line":43,"column":46}},{"start":{"line":43,"column":49},"end":{"line":43,"column":51}}]},"2":{"loc":{"start":{"line":67,"column":10},"end":{"line":69,"column":15}},"type":"cond-expr","locations":[{"start":{"line":68,"column":14},"end":{"line":68,"column":64}},{"start":{"line":69,"column":14},"end":{"line":69,"column":15}}]},"3":{"loc":{"start":{"line":81,"column":6},"end":{"line":83,"column":76}},"type":"cond-expr","locations":[{"start":{"line":82,"column":10},"end":{"line":82,"column":14}},{"start":{"line":83,"column":10},"end":{"line":83,"column":76}}]},"4":{"loc":{"start":{"line":83,"column":45},"end":{"line":83,"column":74}},"type":"cond-expr","locations":[{"start":{"line":83,"column":67},"end":{"line":83,"column":68}},{"start":{"line":83,"column":71},"end":{"line":83,"column":74}}]},"5":{"loc":{"start":{"line":86,"column":6},"end":{"line":88,"column":11}},"type":"cond-expr","locations":[{"start":{"line":87,"column":10},"end":{"line":87,"column":47}},{"start":{"line":88,"column":10},"end":{"line":88,"column":11}}]},"6":{"loc":{"start":{"line":90,"column":6},"end":{"line":95,"column":14}},"type":"cond-expr","locations":[{"start":{"line":91,"column":10},"end":{"line":93,"column":null}},{"start":{"line":95,"column":10},"end":{"line":95,"column":14}}]},"7":{"loc":{"start":{"line":110,"column":4},"end":{"line":110,"column":57}},"type":"if","locations":[{"start":{"line":110,"column":4},"end":{"line":110,"column":57}},{"start":{},"end":{}}]},"8":{"loc":{"start":{"line":110,"column":8},"end":{"line":110,"column":45}},"type":"binary-expr","locations":[{"start":{"line":110,"column":8},"end":{"line":110,"column":24}},{"start":{"line":110,"column":28},"end":{"line":110,"column":45}}]},"9":{"loc":{"start":{"line":120,"column":4},"end":{"line":129,"column":5}},"type":"if","locations":[{"start":{"line":120,"column":4},"end":{"line":129,"column":5}},{"start":{},"end":{}}]},"10":{"loc":{"start":{"line":122,"column":27},"end":{"line":122,"column":71}},"type":"cond-expr","locations":[{"start":{"line":122,"column":61},"end":{"line":122,"column":62}},{"start":{"line":122,"column":65},"end":{"line":122,"column":71}}]},"11":{"loc":{"start":{"line":149,"column":22},"end":{"line":149,"column":50}},"type":"cond-expr","locations":[{"start":{"line":149,"column":36},"end":{"line":149,"column":38}},{"start":{"line":149,"column":41},"end":{"line":149,"column":50}}]},"12":{"loc":{"start":{"line":150,"column":21},"end":{"line":150,"column":50}},"type":"cond-expr","locations":[{"start":{"line":150,"column":35},"end":{"line":150,"column":43}},{"start":{"line":150,"column":46},"end":{"line":150,"column":50}}]},"13":{"loc":{"start":{"line":29,"column":29},"end":{"line":29,"column":null}},"type":"cond-expr","locations":[{"start":{"line":29,"column":42},"end":{"line":29,"column":null}},{"start":{"line":29,"column":42},"end":{"line":29,"column":null}}]},"14":{"loc":{"start":{"line":29,"column":29},"end":{"line":29,"column":42}},"type":"binary-expr","locations":[{"start":{"line":29,"column":29},"end":{"line":29,"column":null}},{"start":{"line":29,"column":29},"end":{"line":29,"column":42}}]},"15":{"loc":{"start":{"line":29,"column":42},"end":{"line":30,"column":null}},"type":"cond-expr","locations":[{"start":{"line":30,"column":47},"end":{"line":30,"column":null}},{"start":{"line":30,"column":47},"end":{"line":30,"column":null}}]},"16":{"loc":{"start":{"line":29,"column":42},"end":{"line":30,"column":47}},"type":"binary-expr","locations":[{"start":{"line":29,"column":42},"end":{"line":30,"column":null}},{"start":{"line":30,"column":35},"end":{"line":30,"column":47}}]}},"s":{"0":1,"1":1,"2":1,"3":1,"4":1,"5":14,"6":14,"7":14,"8":13,"9":13,"10":13,"11":13,"12":13,"13":13,"14":15,"15":15,"16":13,"17":15,"18":13,"19":13,"20":8,"21":13,"22":13,"23":13,"24":13,"25":6,"26":7,"27":15,"28":7,"29":15,"30":7,"31":7,"32":1,"33":7,"34":1,"35":7,"36":54,"37":54,"38":1,"39":1,"40":1,"41":13,"42":13,"43":13,"44":13,"45":13,"46":13,"47":1,"48":1},"f":{"0":14,"1":14,"2":15,"3":15,"4":15,"5":8,"6":13,"7":15,"8":15,"9":7,"10":54,"11":1,"12":13},"b":{"0":[13,1],"1":[1,12],"2":[15,0],"3":[6,7],"4":[1,7],"5":[3,10],"6":[3,10],"7":[6,7],"8":[13,7],"9":[1,6],"10":[0,7],"11":[1,12],"12":[1,12],"13":[1,0],"14":[1,1],"15":[1,0],"16":[1,1]}}
,"C:\\Users\\August\\Desktop\\LuminaProject\\lumina\\src\\extratos\\extratos.service.ts": {"path":"C:\\Users\\August\\Desktop\\LuminaProject\\lumina\\src\\extratos\\extratos.service.ts","statementMap":{"0":{"start":{"line":1,"column":0},"end":{"line":1,"column":null}},"1":{"start":{"line":7,"column":0},"end":{"line":7,"column":53}},"2":{"start":{"line":8,"column":0},"end":{"line":8,"column":45}},"3":{"start":{"line":10,"column":0},"end":{"line":10,"column":65}},"4":{"start":{"line":11,"column":0},"end":{"line":11,"column":64}},"5":{"start":{"line":12,"column":0},"end":{"line":12,"column":54}},"6":{"start":{"line":15,"column":0},"end":{"line":15,"column":61}},"7":{"start":{"line":16,"column":0},"end":{"line":16,"column":null}},"8":{"start":{"line":40,"column":7},"end":{"line":188,"column":null}},"9":{"start":{"line":42,"column":21},"end":{"line":42,"column":29}},"10":{"start":{"line":43,"column":21},"end":{"line":43,"column":35}},"11":{"start":{"line":44,"column":21},"end":{"line":44,"column":36}},"12":{"start":{"line":45,"column":21},"end":{"line":45,"column":32}},"13":{"start":{"line":53,"column":28},"end":{"line":55,"column":null}},"14":{"start":{"line":58,"column":19},"end":{"line":58,"column":65}},"15":{"start":{"line":60,"column":21},"end":{"line":69,"column":6}},"16":{"start":{"line":71,"column":4},"end":{"line":73,"column":5}},"17":{"start":{"line":72,"column":6},"end":{"line":72,"column":77}},"18":{"start":{"line":75,"column":22},"end":{"line":75,"column":61}},"19":{"start":{"line":77,"column":4},"end":{"line":77,"column":48}},"20":{"start":{"line":84,"column":19},"end":{"line":84,"column":65}},"21":{"start":{"line":86,"column":4},"end":{"line":94,"column":7}},"22":{"start":{"line":101,"column":4},"end":{"line":118,"column":5}},"23":{"start":{"line":102,"column":6},"end":{"line":102,"column":76}},"24":{"start":{"line":104,"column":6},"end":{"line":110,"column":7}},"25":{"start":{"line":105,"column":8},"end":{"line":109,"column":11}},"26":{"start":{"line":111,"column":6},"end":{"line":116,"column":7}},"27":{"start":{"line":112,"column":8},"end":{"line":115,"column":11}},"28":{"start":{"line":117,"column":6},"end":{"line":117,"column":16}},"29":{"start":{"line":125,"column":4},"end":{"line":138,"column":5}},"30":{"start":{"line":126,"column":6},"end":{"line":130,"column":8}},"31":{"start":{"line":132,"column":6},"end":{"line":136,"column":7}},"32":{"start":{"line":133,"column":8},"end":{"line":135,"column":10}},"33":{"start":{"line":137,"column":6},"end":{"line":137,"column":16}},"34":{"start":{"line":146,"column":4},"end":{"line":186,"column":5}},"35":{"start":{"line":147,"column":6},"end":{"line":177,"column":9}},"36":{"start":{"line":148,"column":24},"end":{"line":155,"column":10}},"37":{"start":{"line":157,"column":8},"end":{"line":169,"column":9}},"38":{"start":{"line":158,"column":10},"end":{"line":168,"column":13}},"39":{"start":{"line":159,"column":40},"end":{"line":167,"column":14}},"40":{"start":{"line":171,"column":29},"end":{"line":174,"column":10}},"41":{"start":{"line":176,"column":8},"end":{"line":176,"column":41}},"42":{"start":{"line":179,"column":6},"end":{"line":184,"column":7}},"43":{"start":{"line":183,"column":8},"end":{"line":183,"column":79}},"44":{"start":{"line":185,"column":6},"end":{"line":185,"column":16}},"45":{"start":{"line":40,"column":13},"end":{"line":40,"column":28}},"46":{"start":{"line":40,"column":13},"end":{"line":188,"column":null}}},"fnMap":{"0":{"name":"(anonymous_2)","decl":{"start":{"line":41,"column":2},"end":{"line":41,"column":null}},"loc":{"start":{"line":45,"column":41},"end":{"line":46,"column":6}}},"1":{"name":"(anonymous_3)","decl":{"start":{"line":48,"column":2},"end":{"line":48,"column":7}},"loc":{"start":{"line":51,"column":22},"end":{"line":78,"column":3}}},"2":{"name":"(anonymous_4)","decl":{"start":{"line":80,"column":2},"end":{"line":80,"column":7}},"loc":{"start":{"line":82,"column":31},"end":{"line":95,"column":3}}},"3":{"name":"(anonymous_5)","decl":{"start":{"line":97,"column":10},"end":{"line":97,"column":15}},"loc":{"start":{"line":99,"column":32},"end":{"line":119,"column":3}}},"4":{"name":"(anonymous_6)","decl":{"start":{"line":121,"column":10},"end":{"line":121,"column":15}},"loc":{"start":{"line":123,"column":25},"end":{"line":139,"column":3}}},"5":{"name":"(anonymous_7)","decl":{"start":{"line":141,"column":10},"end":{"line":141,"column":15}},"loc":{"start":{"line":144,"column":37},"end":{"line":187,"column":3}}},"6":{"name":"(anonymous_8)","decl":{"start":{"line":147,"column":44},"end":{"line":147,"column":49}},"loc":{"start":{"line":147,"column":57},"end":{"line":177,"column":7}}},"7":{"name":"(anonymous_9)","decl":{"start":{"line":159,"column":32},"end":{"line":159,"column":33}},"loc":{"start":{"line":159,"column":40},"end":{"line":167,"column":14}}}},"branchMap":{"0":{"loc":{"start":{"line":71,"column":4},"end":{"line":73,"column":5}},"type":"if","locations":[{"start":{"line":71,"column":4},"end":{"line":73,"column":5}},{"start":{},"end":{}}]},"1":{"loc":{"start":{"line":89,"column":12},"end":{"line":89,"column":56}},"type":"cond-expr","locations":[{"start":{"line":89,"column":27},"end":{"line":89,"column":51}},{"start":{"line":89,"column":54},"end":{"line":89,"column":56}}]},"2":{"loc":{"start":{"line":90,"column":12},"end":{"line":90,"column":53}},"type":"cond-expr","locations":[{"start":{"line":90,"column":26},"end":{"line":90,"column":48}},{"start":{"line":90,"column":51},"end":{"line":90,"column":53}}]},"3":{"loc":{"start":{"line":104,"column":6},"end":{"line":110,"column":7}},"type":"if","locations":[{"start":{"line":104,"column":6},"end":{"line":110,"column":7}},{"start":{},"end":{}}]},"4":{"loc":{"start":{"line":111,"column":6},"end":{"line":116,"column":7}},"type":"if","locations":[{"start":{"line":111,"column":6},"end":{"line":116,"column":7}},{"start":{},"end":{}}]},"5":{"loc":{"start":{"line":132,"column":6},"end":{"line":136,"column":7}},"type":"if","locations":[{"start":{"line":132,"column":6},"end":{"line":136,"column":7}},{"start":{},"end":{}}]},"6":{"loc":{"start":{"line":132,"column":10},"end":{"line":132,"column":66}},"type":"binary-expr","locations":[{"start":{"line":132,"column":10},"end":{"line":132,"column":35}},{"start":{"line":132,"column":39},"end":{"line":132,"column":66}}]},"7":{"loc":{"start":{"line":157,"column":8},"end":{"line":169,"column":9}},"type":"if","locations":[{"start":{"line":157,"column":8},"end":{"line":169,"column":9}},{"start":{},"end":{}}]},"8":{"loc":{"start":{"line":179,"column":6},"end":{"line":184,"column":7}},"type":"if","locations":[{"start":{"line":179,"column":6},"end":{"line":184,"column":7}},{"start":{},"end":{}}]},"9":{"loc":{"start":{"line":180,"column":8},"end":{"line":181,"column":28}},"type":"binary-expr","locations":[{"start":{"line":180,"column":8},"end":{"line":180,"column":59}},{"start":{"line":181,"column":8},"end":{"line":181,"column":28}}]},"10":{"loc":{"start":{"line":42,"column":29},"end":{"line":42,"column":null}},"type":"cond-expr","locations":[{"start":{"line":42,"column":42},"end":{"line":42,"column":null}},{"start":{"line":42,"column":42},"end":{"line":42,"column":null}}]},"11":{"loc":{"start":{"line":42,"column":29},"end":{"line":42,"column":42}},"type":"binary-expr","locations":[{"start":{"line":42,"column":29},"end":{"line":42,"column":null}},{"start":{"line":42,"column":29},"end":{"line":42,"column":42}}]},"12":{"loc":{"start":{"line":42,"column":42},"end":{"line":43,"column":null}},"type":"cond-expr","locations":[{"start":{"line":43,"column":47},"end":{"line":43,"column":null}},{"start":{"line":43,"column":47},"end":{"line":43,"column":null}}]},"13":{"loc":{"start":{"line":42,"column":42},"end":{"line":43,"column":47}},"type":"binary-expr","locations":[{"start":{"line":42,"column":42},"end":{"line":43,"column":null}},{"start":{"line":43,"column":35},"end":{"line":43,"column":47}}]},"14":{"loc":{"start":{"line":43,"column":47},"end":{"line":44,"column":null}},"type":"cond-expr","locations":[{"start":{"line":44,"column":56},"end":{"line":44,"column":null}},{"start":{"line":44,"column":56},"end":{"line":44,"column":null}}]},"15":{"loc":{"start":{"line":43,"column":47},"end":{"line":44,"column":56}},"type":"binary-expr","locations":[{"start":{"line":43,"column":47},"end":{"line":44,"column":null}},{"start":{"line":44,"column":36},"end":{"line":44,"column":56}}]},"16":{"loc":{"start":{"line":44,"column":56},"end":{"line":45,"column":null}},"type":"cond-expr","locations":[{"start":{"line":45,"column":41},"end":{"line":45,"column":null}},{"start":{"line":45,"column":41},"end":{"line":45,"column":null}}]},"17":{"loc":{"start":{"line":44,"column":56},"end":{"line":45,"column":41}},"type":"binary-expr","locations":[{"start":{"line":44,"column":56},"end":{"line":45,"column":null}},{"start":{"line":45,"column":32},"end":{"line":45,"column":41}}]}},"s":{"0":1,"1":1,"2":1,"3":1,"4":1,"5":1,"6":1,"7":1,"8":1,"9":18,"10":18,"11":18,"12":18,"13":13,"14":10,"15":10,"16":10,"17":1,"18":9,"19":6,"20":5,"21":4,"22":13,"23":13,"24":3,"25":1,"26":2,"27":1,"28":1,"29":9,"30":9,"31":3,"32":2,"33":1,"34":6,"35":6,"36":4,"37":4,"38":3,"39":6,"40":4,"41":4,"42":2,"43":1,"44":1,"45":1,"46":1},"f":{"0":18,"1":13,"2":5,"3":13,"4":9,"5":6,"6":4,"7":6},"b":{"0":[1,9],"1":[2,2],"2":[2,2],"3":[1,2],"4":[1,1],"5":[2,1],"6":[3,2],"7":[3,1],"8":[1,1],"9":[2,2],"10":[1,0],"11":[1,1],"12":[1,0],"13":[1,1],"14":[1,0],"15":[1,1],"16":[1,0],"17":[1,1]}}
,"C:\\Users\\August\\Desktop\\LuminaProject\\lumina\\src\\extratos\\pdf-decryption.service.ts": {"path":"C:\\Users\\August\\Desktop\\LuminaProject\\lumina\\src\\extratos\\pdf-decryption.service.ts","statementMap":{"0":{"start":{"line":1,"column":0},"end":{"line":1,"column":44}},"1":{"start":{"line":2,"column":0},"end":{"line":2,"column":58}},"2":{"start":{"line":3,"column":0},"end":{"line":3,"column":33}},"3":{"start":{"line":4,"column":0},"end":{"line":4,"column":33}},"4":{"start":{"line":9,"column":4},"end":{"line":9,"column":49}},"5":{"start":{"line":10,"column":4},"end":{"line":10,"column":36}},"6":{"start":{"line":11,"column":4},"end":{"line":11,"column":23}},"7":{"start":{"line":6,"column":0},"end":{"line":6,"column":13}},"8":{"start":{"line":18,"column":4},"end":{"line":18,"column":39}},"9":{"start":{"line":19,"column":4},"end":{"line":19,"column":40}},"10":{"start":{"line":20,"column":4},"end":{"line":20,"column":23}},"11":{"start":{"line":15,"column":0},"end":{"line":15,"column":13}},"12":{"start":{"line":31,"column":7},"end":{"line":60,"column":null}},"13":{"start":{"line":33,"column":25},"end":{"line":33,"column":51}},"14":{"start":{"line":34,"column":16},"end":{"line":34,"column":60}},"15":{"start":{"line":35,"column":22},"end":{"line":35,"column":44}},"16":{"start":{"line":37,"column":4},"end":{"line":49,"column":5}},"17":{"start":{"line":38,"column":6},"end":{"line":38,"column":44}},"18":{"start":{"line":39,"column":6},"end":{"line":39,"column":59}},"19":{"start":{"line":41,"column":6},"end":{"line":45,"column":7}},"20":{"start":{"line":42,"column":8},"end":{"line":44,"column":39}},"21":{"start":{"line":46,"column":6},"end":{"line":46,"column":16}},"22":{"start":{"line":48,"column":6},"end":{"line":48,"column":54}},"23":{"start":{"line":53,"column":16},"end":{"line":53,"column":41}},"24":{"start":{"line":54,"column":4},"end":{"line":58,"column":6}},"25":{"start":{"line":31,"column":13},"end":{"line":31,"column":33}},"26":{"start":{"line":31,"column":13},"end":{"line":60,"column":null}}},"fnMap":{"0":{"name":"(anonymous_10)","decl":{"start":{"line":8,"column":2},"end":{"line":8,"column":14}},"loc":{"start":{"line":8,"column":29},"end":{"line":12,"column":3}}},"1":{"name":"(anonymous_11)","decl":{"start":{"line":17,"column":2},"end":{"line":17,"column":14}},"loc":{"start":{"line":17,"column":29},"end":{"line":21,"column":3}}},"2":{"name":"(anonymous_12)","decl":{"start":{"line":32,"column":2},"end":{"line":32,"column":7}},"loc":{"start":{"line":32,"column":60},"end":{"line":50,"column":3}}},"3":{"name":"(anonymous_13)","decl":{"start":{"line":33,"column":25},"end":{"line":33,"column":38}},"loc":{"start":{"line":33,"column":25},"end":{"line":33,"column":51}}},"4":{"name":"(anonymous_14)","decl":{"start":{"line":52,"column":10},"end":{"line":52,"column":25}},"loc":{"start":{"line":52,"column":38},"end":{"line":59,"column":3}}}},"branchMap":{"0":{"loc":{"start":{"line":41,"column":6},"end":{"line":45,"column":7}},"type":"if","locations":[{"start":{"line":41,"column":6},"end":{"line":45,"column":7}},{"start":{},"end":{}}]},"1":{"loc":{"start":{"line":42,"column":14},"end":{"line":44,"column":38}},"type":"cond-expr","locations":[{"start":{"line":43,"column":12},"end":{"line":43,"column":42}},{"start":{"line":44,"column":12},"end":{"line":44,"column":38}}]},"2":{"loc":{"start":{"line":55,"column":6},"end":{"line":57,"column":30}},"type":"binary-expr","locations":[{"start":{"line":55,"column":6},"end":{"line":55,"column":38}},{"start":{"line":56,"column":6},"end":{"line":56,"column":31}},{"start":{"line":57,"column":6},"end":{"line":57,"column":30}}]}},"s":{"0":2,"1":2,"2":2,"3":2,"4":4,"5":4,"6":4,"7":2,"8":2,"9":2,"10":2,"11":2,"12":2,"13":12,"14":6,"15":6,"16":6,"17":6,"18":6,"19":5,"20":4,"21":1,"22":6,"23":5,"24":5,"25":2,"26":2},"f":{"0":4,"1":2,"2":6,"3":6,"4":5},"b":{"0":[4,1],"1":[1,3],"2":[5,2,1]}}
,"C:\\Users\\August\\Desktop\\LuminaProject\\lumina\\src\\ia\\ia.service.ts": {"path":"C:\\Users\\August\\Desktop\\LuminaProject\\lumina\\src\\ia\\ia.service.ts","statementMap":{"0":{"start":{"line":1,"column":0},"end":{"line":1,"column":42}},"1":{"start":{"line":2,"column":0},"end":{"line":2,"column":52}},"2":{"start":{"line":3,"column":0},"end":{"line":3,"column":47}},"3":{"start":{"line":4,"column":0},"end":{"line":4,"column":87}},"4":{"start":{"line":5,"column":0},"end":{"line":5,"column":null}},"5":{"start":{"line":9,"column":0},"end":{"line":9,"column":61}},"6":{"start":{"line":11,"column":14},"end":{"line":11,"column":32}},"7":{"start":{"line":12,"column":19},"end":{"line":12,"column":23}},"8":{"start":{"line":15,"column":7},"end":{"line":82,"column":null}},"9":{"start":{"line":16,"column":57},"end":{"line":16,"column":65}},"10":{"start":{"line":23,"column":20},"end":{"line":23,"column":67}},"11":{"start":{"line":24,"column":4},"end":{"line":24,"column":39}},"12":{"start":{"line":32,"column":4},"end":{"line":58,"column":5}},"13":{"start":{"line":33,"column":6},"end":{"line":55,"column":9}},"14":{"start":{"line":57,"column":6},"end":{"line":57,"column":58}},"15":{"start":{"line":64,"column":22},"end":{"line":64,"column":76}},"16":{"start":{"line":64,"column":54},"end":{"line":64,"column":75}},"17":{"start":{"line":65,"column":4},"end":{"line":67,"column":5}},"18":{"start":{"line":66,"column":6},"end":{"line":66,"column":62}},"19":{"start":{"line":70,"column":4},"end":{"line":74,"column":5}},"20":{"start":{"line":71,"column":6},"end":{"line":71,"column":42}},"21":{"start":{"line":73,"column":6},"end":{"line":73,"column":67}},"22":{"start":{"line":76,"column":19},"end":{"line":76,"column":72}},"23":{"start":{"line":77,"column":4},"end":{"line":79,"column":5}},"24":{"start":{"line":78,"column":6},"end":{"line":78,"column":80}},"25":{"start":{"line":80,"column":4},"end":{"line":80,"column":36}},"26":{"start":{"line":15,"column":13},"end":{"line":15,"column":22}},"27":{"start":{"line":15,"column":13},"end":{"line":82,"column":null}}},"fnMap":{"0":{"name":"(anonymous_5)","decl":{"start":{"line":16,"column":2},"end":{"line":16,"column":15}},"loc":{"start":{"line":16,"column":74},"end":{"line":16,"column":78}}},"1":{"name":"(anonymous_6)","decl":{"start":{"line":18,"column":2},"end":{"line":18,"column":7}},"loc":{"start":{"line":21,"column":18},"end":{"line":25,"column":3}}},"2":{"name":"(anonymous_7)","decl":{"start":{"line":27,"column":10},"end":{"line":27,"column":15}},"loc":{"start":{"line":30,"column":18},"end":{"line":59,"column":3}}},"3":{"name":"(anonymous_8)","decl":{"start":{"line":61,"column":10},"end":{"line":61,"column":23}},"loc":{"start":{"line":62,"column":39},"end":{"line":81,"column":3}}},"4":{"name":"(anonymous_9)","decl":{"start":{"line":64,"column":43},"end":{"line":64,"column":44}},"loc":{"start":{"line":64,"column":54},"end":{"line":64,"column":75}}}},"branchMap":{"0":{"loc":{"start":{"line":65,"column":4},"end":{"line":67,"column":5}},"type":"if","locations":[{"start":{"line":65,"column":4},"end":{"line":67,"column":5}},{"start":{},"end":{}}]},"1":{"loc":{"start":{"line":65,"column":8},"end":{"line":65,"column":47}},"type":"binary-expr","locations":[{"start":{"line":65,"column":8},"end":{"line":65,"column":18}},{"start":{"line":65,"column":22},"end":{"line":65,"column":47}}]},"2":{"loc":{"start":{"line":77,"column":4},"end":{"line":79,"column":5}},"type":"if","locations":[{"start":{"line":77,"column":4},"end":{"line":79,"column":5}},{"start":{},"end":{}}]},"3":{"loc":{"start":{"line":16,"column":65},"end":{"line":16,"column":77}},"type":"cond-expr","locations":[{"start":{"line":16,"column":74},"end":{"line":16,"column":77}},{"start":{"line":16,"column":74},"end":{"line":16,"column":77}}]},"4":{"loc":{"start":{"line":16,"column":65},"end":{"line":16,"column":74}},"type":"binary-expr","locations":[{"start":{"line":16,"column":65},"end":{"line":16,"column":77}},{"start":{"line":16,"column":65},"end":{"line":16,"column":74}}]}},"s":{"0":2,"1":2,"2":2,"3":2,"4":2,"5":2,"6":2,"7":2,"8":2,"9":14,"10":14,"11":12,"12":14,"13":14,"14":2,"15":12,"16":11,"17":12,"18":1,"19":11,"20":11,"21":1,"22":10,"23":10,"24":7,"25":3,"26":2,"27":2},"f":{"0":14,"1":14,"2":14,"3":12,"4":11},"b":{"0":[1,11],"1":[12,11],"2":[7,3],"3":[2,0],"4":[2,2]}}
,"C:\\Users\\August\\Desktop\\LuminaProject\\lumina\\src\\ia\\ia.tokens.ts": {"path":"C:\\Users\\August\\Desktop\\LuminaProject\\lumina\\src\\ia\\ia.tokens.ts","statementMap":{"0":{"start":{"line":1,"column":13},"end":{"line":1,"column":51}}},"fnMap":{},"branchMap":{},"s":{"0":2},"f":{},"b":{}}
,"C:\\Users\\August\\Desktop\\LuminaProject\\lumina\\src\\ia\\prompts\\extract-transactions.prompt.ts": {"path":"C:\\Users\\August\\Desktop\\LuminaProject\\lumina\\src\\ia\\prompts\\extract-transactions.prompt.ts","statementMap":{"0":{"start":{"line":1,"column":46},"end":{"line":49,"column":80}},"1":{"start":{"line":5,"column":2},"end":{"line":49,"column":80}},"2":{"start":{"line":1,"column":13},"end":{"line":1,"column":46}}},"fnMap":{"0":{"name":"(anonymous_0)","decl":{"start":{"line":1,"column":46},"end":{"line":1,"column":null}},"loc":{"start":{"line":5,"column":2},"end":{"line":49,"column":80}}}},"branchMap":{},"s":{"0":2,"1":14,"2":2},"f":{"0":14},"b":{}}
,"C:\\Users\\August\\Desktop\\LuminaProject\\lumina\\src\\transactions\\transactions.service.ts": {"path":"C:\\Users\\August\\Desktop\\LuminaProject\\lumina\\src\\transactions\\transactions.service.ts","statementMap":{"0":{"start":{"line":1,"column":0},"end":{"line":1,"column":63}},"1":{"start":{"line":3,"column":0},"end":{"line":3,"column":64}},"2":{"start":{"line":4,"column":0},"end":{"line":4,"column":54}},"3":{"start":{"line":9,"column":7},"end":{"line":54,"column":null}},"4":{"start":{"line":11,"column":21},"end":{"line":11,"column":29}},"5":{"start":{"line":12,"column":21},"end":{"line":12,"column":35}},"6":{"start":{"line":19,"column":19},"end":{"line":19,"column":65}},"7":{"start":{"line":21,"column":4},"end":{"line":31,"column":7}},"8":{"start":{"line":39,"column":19},"end":{"line":39,"column":65}},"9":{"start":{"line":41,"column":19},"end":{"line":44,"column":6}},"10":{"start":{"line":46,"column":4},"end":{"line":48,"column":5}},"11":{"start":{"line":47,"column":6},"end":{"line":47,"column":59}},"12":{"start":{"line":50,"column":4},"end":{"line":52,"column":7}},"13":{"start":{"line":9,"column":13},"end":{"line":9,"column":32}},"14":{"start":{"line":9,"column":13},"end":{"line":54,"column":null}}},"fnMap":{"0":{"name":"(anonymous_2)","decl":{"start":{"line":10,"column":2},"end":{"line":10,"column":null}},"loc":{"start":{"line":12,"column":47},"end":{"line":13,"column":6}}},"1":{"name":"(anonymous_3)","decl":{"start":{"line":15,"column":2},"end":{"line":15,"column":7}},"loc":{"start":{"line":17,"column":35},"end":{"line":32,"column":3}}},"2":{"name":"(anonymous_4)","decl":{"start":{"line":34,"column":2},"end":{"line":34,"column":7}},"loc":{"start":{"line":37,"column":29},"end":{"line":53,"column":3}}}},"branchMap":{"0":{"loc":{"start":{"line":25,"column":14},"end":{"line":25,"column":58}},"type":"cond-expr","locations":[{"start":{"line":25,"column":29},"end":{"line":25,"column":53}},{"start":{"line":25,"column":56},"end":{"line":25,"column":58}}]},"1":{"loc":{"start":{"line":26,"column":14},"end":{"line":26,"column":55}},"type":"cond-expr","locations":[{"start":{"line":26,"column":28},"end":{"line":26,"column":50}},{"start":{"line":26,"column":53},"end":{"line":26,"column":55}}]},"2":{"loc":{"start":{"line":28,"column":12},"end":{"line":28,"column":68}},"type":"cond-expr","locations":[{"start":{"line":28,"column":44},"end":{"line":28,"column":63}},{"start":{"line":28,"column":66},"end":{"line":28,"column":68}}]},"3":{"loc":{"start":{"line":46,"column":4},"end":{"line":48,"column":5}},"type":"if","locations":[{"start":{"line":46,"column":4},"end":{"line":48,"column":5}},{"start":{},"end":{}}]},"4":{"loc":{"start":{"line":11,"column":29},"end":{"line":11,"column":null}},"type":"cond-expr","locations":[{"start":{"line":11,"column":42},"end":{"line":11,"column":null}},{"start":{"line":11,"column":42},"end":{"line":11,"column":null}}]},"5":{"loc":{"start":{"line":11,"column":29},"end":{"line":11,"column":42}},"type":"binary-expr","locations":[{"start":{"line":11,"column":29},"end":{"line":11,"column":null}},{"start":{"line":11,"column":29},"end":{"line":11,"column":42}}]},"6":{"loc":{"start":{"line":11,"column":42},"end":{"line":12,"column":null}},"type":"cond-expr","locations":[{"start":{"line":12,"column":47},"end":{"line":12,"column":null}},{"start":{"line":12,"column":47},"end":{"line":12,"column":null}}]},"7":{"loc":{"start":{"line":11,"column":42},"end":{"line":12,"column":47}},"type":"binary-expr","locations":[{"start":{"line":11,"column":42},"end":{"line":12,"column":null}},{"start":{"line":12,"column":35},"end":{"line":12,"column":47}}]}},"s":{"0":1,"1":1,"2":1,"3":1,"4":13,"5":13,"6":8,"7":7,"8":5,"9":4,"10":4,"11":1,"12":3,"13":1,"14":1},"f":{"0":13,"1":8,"2":5},"b":{"0":[3,4],"1":[3,4],"2":[2,5],"3":[1,3],"4":[1,0],"5":[1,1],"6":[1,0],"7":[1,1]}}
,"C:\\Users\\August\\Desktop\\LuminaProject\\lumina\\src\\users\\users.service.ts": {"path":"C:\\Users\\August\\Desktop\\LuminaProject\\lumina\\src\\users\\users.service.ts","statementMap":{"0":{"start":{"line":1,"column":0},"end":{"line":1,"column":63}},"1":{"start":{"line":2,"column":0},"end":{"line":2,"column":64}},"2":{"start":{"line":11,"column":7},"end":{"line":44,"column":null}},"3":{"start":{"line":12,"column":31},"end":{"line":12,"column":39}},"4":{"start":{"line":15,"column":21},"end":{"line":18,"column":6}},"5":{"start":{"line":20,"column":4},"end":{"line":22,"column":5}},"6":{"start":{"line":21,"column":6},"end":{"line":21,"column":48}},"7":{"start":{"line":24,"column":20},"end":{"line":27,"column":6}},"8":{"start":{"line":29,"column":4},"end":{"line":29,"column":44}},"9":{"start":{"line":33,"column":17},"end":{"line":36,"column":6}},"10":{"start":{"line":38,"column":4},"end":{"line":40,"column":5}},"11":{"start":{"line":39,"column":6},"end":{"line":39,"column":52}},"12":{"start":{"line":42,"column":4},"end":{"line":42,"column":19}},"13":{"start":{"line":11,"column":13},"end":{"line":11,"column":25}},"14":{"start":{"line":11,"column":13},"end":{"line":44,"column":null}}},"fnMap":{"0":{"name":"(anonymous_2)","decl":{"start":{"line":12,"column":2},"end":{"line":12,"column":31}},"loc":{"start":{"line":12,"column":52},"end":{"line":12,"column":56}}},"1":{"name":"(anonymous_3)","decl":{"start":{"line":14,"column":2},"end":{"line":14,"column":7}},"loc":{"start":{"line":14,"column":28},"end":{"line":30,"column":3}}},"2":{"name":"(anonymous_4)","decl":{"start":{"line":32,"column":2},"end":{"line":32,"column":7}},"loc":{"start":{"line":32,"column":37},"end":{"line":43,"column":3}}}},"branchMap":{"0":{"loc":{"start":{"line":20,"column":4},"end":{"line":22,"column":5}},"type":"if","locations":[{"start":{"line":20,"column":4},"end":{"line":22,"column":5}},{"start":{},"end":{}}]},"1":{"loc":{"start":{"line":38,"column":4},"end":{"line":40,"column":5}},"type":"if","locations":[{"start":{"line":38,"column":4},"end":{"line":40,"column":5}},{"start":{},"end":{}}]},"2":{"loc":{"start":{"line":12,"column":39},"end":{"line":12,"column":55}},"type":"cond-expr","locations":[{"start":{"line":12,"column":52},"end":{"line":12,"column":55}},{"start":{"line":12,"column":52},"end":{"line":12,"column":55}}]},"3":{"loc":{"start":{"line":12,"column":39},"end":{"line":12,"column":52}},"type":"binary-expr","locations":[{"start":{"line":12,"column":39},"end":{"line":12,"column":55}},{"start":{"line":12,"column":39},"end":{"line":12,"column":52}}]}},"s":{"0":4,"1":4,"2":4,"3":4,"4":2,"5":2,"6":1,"7":1,"8":1,"9":2,"10":2,"11":1,"12":1,"13":4,"14":4},"f":{"0":4,"1":2,"2":2},"b":{"0":[1,1],"1":[1,1],"2":[4,0],"3":[4,4]}}
}
