TN:
SF:src\common\guards\clerk-auth.guard.ts
FN:15,(anonymous_2)
FN:17,(anonymous_3)
FN:46,(anonymous_4)
FNF:3
FNH:3
FNDA:6,(anonymous_2)
FNDA:6,(anonymous_3)
FNDA:5,(anonymous_4)
DA:1,1
DA:7,1
DA:8,1
DA:10,1
DA:14,1
DA:15,6
DA:18,6
DA:23,6
DA:25,5
DA:29,5
DA:31,5
DA:33,3
DA:34,3
DA:38,2
DA:40,1
DA:43,2
DA:47,5
DA:48,5
LF:18
LH:18
BRDA:23,0,0,1
BRDA:23,0,1,5
BRDA:31,1,0,2
BRDA:31,1,1,3
BRDA:47,2,0,5
BRDA:47,2,1,1
BRDA:48,3,0,3
BRDA:48,3,1,2
BRDA:15,4,0,1
BRDA:15,4,1,0
BRDA:15,5,0,1
BRDA:15,5,1,1
BRF:12
BRH:11
end_of_record
TN:
SF:src\common\prisma\prisma.service.ts
FN:9,(anonymous_1)
FN:13,(anonymous_2)
FNF:2
FNH:2
FNDA:1,(anonymous_1)
FNDA:1,(anonymous_2)
DA:1,5
DA:2,5
DA:5,5
DA:10,1
DA:14,1
LF:5
LH:5
BRF:0
BRH:0
end_of_record
TN:
SF:src\dashboard\dashboard.service.ts
FN:28,(anonymous_2)
FN:33,(anonymous_3)
FN:64,(anonymous_4)
FN:71,(anonymous_5)
FN:74,(anonymous_6)
FN:83,(anonymous_7)
FN:106,(anonymous_8)
FN:112,(anonymous_9)
FN:118,(anonymous_10)
FN:122,(anonymous_11)
FN:134,(anonymous_12)
FN:139,(anonymous_13)
FN:145,(anonymous_14)
FNF:13
FNH:13
FNDA:14,(anonymous_2)
FNDA:14,(anonymous_3)
FNDA:15,(anonymous_4)
FNDA:15,(anonymous_5)
FNDA:15,(anonymous_6)
FNDA:8,(anonymous_7)
FNDA:13,(anonymous_8)
FNDA:15,(anonymous_9)
FNDA:15,(anonymous_10)
FNDA:7,(anonymous_11)
FNDA:54,(anonymous_12)
FNDA:1,(anonymous_13)
FNDA:13,(anonymous_14)
DA:1,1
DA:2,1
DA:3,1
DA:4,1
DA:27,1
DA:29,14
DA:30,14
DA:37,14
DA:38,13
DA:39,13
DA:41,13
DA:46,13
DA:55,13
DA:63,13
DA:64,15
DA:71,15
DA:73,13
DA:74,15
DA:78,13
DA:81,13
DA:83,8
DA:86,13
DA:90,13
DA:97,13
DA:110,13
DA:112,15
DA:118,15
DA:119,7
DA:120,7
DA:121,1
DA:122,7
DA:125,1
DA:131,7
DA:135,54
DA:136,54
DA:140,1
DA:141,1
DA:142,1
DA:146,13
DA:147,13
DA:148,13
DA:149,13
DA:150,13
DA:151,13
LF:44
LH:44
BRDA:38,0,0,13
BRDA:38,0,1,1
BRDA:43,1,0,1
BRDA:43,1,1,12
BRDA:67,2,0,15
BRDA:67,2,1,0
BRDA:81,3,0,6
BRDA:81,3,1,7
BRDA:83,4,0,1
BRDA:83,4,1,7
BRDA:86,5,0,3
BRDA:86,5,1,10
BRDA:90,6,0,3
BRDA:90,6,1,10
BRDA:110,7,0,6
BRDA:110,7,1,7
BRDA:110,8,0,13
BRDA:110,8,1,7
BRDA:120,9,0,1
BRDA:120,9,1,6
BRDA:122,10,0,0
BRDA:122,10,1,7
BRDA:149,11,0,1
BRDA:149,11,1,12
BRDA:150,12,0,1
BRDA:150,12,1,12
BRDA:29,13,0,1
BRDA:29,13,1,0
BRDA:29,14,0,1
BRDA:29,14,1,1
BRDA:29,15,0,1
BRDA:29,15,1,0
BRDA:29,16,0,1
BRDA:29,16,1,1
BRF:34
BRH:30
end_of_record
TN:
SF:src\extratos\extratos.service.ts
FN:41,(anonymous_2)
FN:48,(anonymous_3)
FN:80,(anonymous_4)
FN:97,(anonymous_5)
FN:121,(anonymous_6)
FN:141,(anonymous_7)
FN:147,(anonymous_8)
FN:159,(anonymous_9)
FNF:8
FNH:8
FNDA:18,(anonymous_2)
FNDA:13,(anonymous_3)
FNDA:5,(anonymous_4)
FNDA:13,(anonymous_5)
FNDA:9,(anonymous_6)
FNDA:6,(anonymous_7)
FNDA:4,(anonymous_8)
FNDA:6,(anonymous_9)
DA:1,1
DA:7,1
DA:8,1
DA:10,1
DA:11,1
DA:12,1
DA:15,1
DA:16,1
DA:40,1
DA:42,18
DA:43,18
DA:44,18
DA:45,18
DA:53,13
DA:58,10
DA:60,10
DA:71,10
DA:72,1
DA:75,9
DA:77,6
DA:84,5
DA:86,4
DA:101,13
DA:102,13
DA:104,3
DA:105,1
DA:111,2
DA:112,1
DA:117,1
DA:125,9
DA:126,9
DA:132,3
DA:133,2
DA:137,1
DA:146,6
DA:147,6
DA:148,4
DA:157,4
DA:158,3
DA:159,6
DA:171,4
DA:176,4
DA:179,2
DA:183,1
DA:185,1
LF:45
LH:45
BRDA:71,0,0,1
BRDA:71,0,1,9
BRDA:89,1,0,2
BRDA:89,1,1,2
BRDA:90,2,0,2
BRDA:90,2,1,2
BRDA:104,3,0,1
BRDA:104,3,1,2
BRDA:111,4,0,1
BRDA:111,4,1,1
BRDA:132,5,0,2
BRDA:132,5,1,1
BRDA:132,6,0,3
BRDA:132,6,1,2
BRDA:157,7,0,3
BRDA:157,7,1,1
BRDA:179,8,0,1
BRDA:179,8,1,1
BRDA:180,9,0,2
BRDA:180,9,1,2
BRDA:42,10,0,1
BRDA:42,10,1,0
BRDA:42,11,0,1
BRDA:42,11,1,1
BRDA:42,12,0,1
BRDA:42,12,1,0
BRDA:42,13,0,1
BRDA:42,13,1,1
BRDA:43,14,0,1
BRDA:43,14,1,0
BRDA:43,15,0,1
BRDA:43,15,1,1
BRDA:44,16,0,1
BRDA:44,16,1,0
BRDA:44,17,0,1
BRDA:44,17,1,1
BRF:36
BRH:32
end_of_record
TN:
SF:src\extratos\pdf-decryption.service.ts
FN:8,(anonymous_10)
FN:17,(anonymous_11)
FN:32,(anonymous_12)
FN:33,(anonymous_13)
FN:52,(anonymous_14)
FNF:5
FNH:5
FNDA:4,(anonymous_10)
FNDA:2,(anonymous_11)
FNDA:6,(anonymous_12)
FNDA:6,(anonymous_13)
FNDA:5,(anonymous_14)
DA:1,2
DA:2,2
DA:3,2
DA:4,2
DA:6,2
DA:9,4
DA:10,4
DA:11,4
DA:15,2
DA:18,2
DA:19,2
DA:20,2
DA:31,2
DA:33,12
DA:34,6
DA:35,6
DA:37,6
DA:38,6
DA:39,6
DA:41,5
DA:42,4
DA:46,1
DA:48,6
DA:53,5
DA:54,5
LF:25
LH:25
BRDA:41,0,0,4
BRDA:41,0,1,1
BRDA:42,1,0,1
BRDA:42,1,1,3
BRDA:55,2,0,5
BRDA:55,2,1,2
BRDA:55,2,2,1
BRF:7
BRH:7
end_of_record
TN:
SF:src\ia\ia.service.ts
FN:16,(anonymous_5)
FN:18,(anonymous_6)
FN:27,(anonymous_7)
FN:61,(anonymous_8)
FN:64,(anonymous_9)
FNF:5
FNH:5
FNDA:14,(anonymous_5)
FNDA:14,(anonymous_6)
FNDA:14,(anonymous_7)
FNDA:12,(anonymous_8)
FNDA:11,(anonymous_9)
DA:1,2
DA:2,2
DA:3,2
DA:4,2
DA:5,2
DA:9,2
DA:11,2
DA:12,2
DA:15,2
DA:16,14
DA:23,14
DA:24,12
DA:32,14
DA:33,14
DA:57,2
DA:64,12
DA:65,12
DA:66,1
DA:70,11
DA:71,11
DA:73,1
DA:76,10
DA:77,10
DA:78,7
DA:80,3
LF:25
LH:25
BRDA:65,0,0,1
BRDA:65,0,1,11
BRDA:65,1,0,12
BRDA:65,1,1,11
BRDA:77,2,0,7
BRDA:77,2,1,3
BRDA:16,3,0,2
BRDA:16,3,1,0
BRDA:16,4,0,2
BRDA:16,4,1,2
BRF:10
BRH:9
end_of_record
TN:
SF:src\ia\ia.tokens.ts
FNF:0
FNH:0
DA:1,2
LF:1
LH:1
BRF:0
BRH:0
end_of_record
TN:
SF:src\ia\prompts\extract-transactions.prompt.ts
FN:1,(anonymous_0)
FNF:1
FNH:1
FNDA:14,(anonymous_0)
DA:1,2
DA:5,14
LF:2
LH:2
BRF:0
BRH:0
end_of_record
TN:
SF:src\transactions\transactions.service.ts
FN:10,(anonymous_2)
FN:15,(anonymous_3)
FN:34,(anonymous_4)
FNF:3
FNH:3
FNDA:13,(anonymous_2)
FNDA:8,(anonymous_3)
FNDA:5,(anonymous_4)
DA:1,1
DA:3,1
DA:4,1
DA:9,1
DA:11,13
DA:12,13
DA:19,8
DA:21,7
DA:39,5
DA:41,4
DA:46,4
DA:47,1
DA:50,3
LF:13
LH:13
BRDA:25,0,0,3
BRDA:25,0,1,4
BRDA:26,1,0,3
BRDA:26,1,1,4
BRDA:28,2,0,2
BRDA:28,2,1,5
BRDA:46,3,0,1
BRDA:46,3,1,3
BRDA:11,4,0,1
BRDA:11,4,1,0
BRDA:11,5,0,1
BRDA:11,5,1,1
BRDA:11,6,0,1
BRDA:11,6,1,0
BRDA:11,7,0,1
BRDA:11,7,1,1
BRF:16
BRH:14
end_of_record
TN:
SF:src\users\users.service.ts
FN:12,(anonymous_2)
FN:14,(anonymous_3)
FN:32,(anonymous_4)
FNF:3
FNH:3
FNDA:4,(anonymous_2)
FNDA:2,(anonymous_3)
FNDA:2,(anonymous_4)
DA:1,4
DA:2,4
DA:11,4
DA:12,4
DA:15,2
DA:20,2
DA:21,1
DA:24,1
DA:29,1
DA:33,2
DA:38,2
DA:39,1
DA:42,1
LF:13
LH:13
BRDA:20,0,0,1
BRDA:20,0,1,1
BRDA:38,1,0,1
BRDA:38,1,1,1
BRDA:12,2,0,4
BRDA:12,2,1,0
BRDA:12,3,0,4
BRDA:12,3,1,4
BRF:8
BRH:7
end_of_record
